                                                                                                                        
>>>>>>>>>>>>>>>>>>>>>>>>>>>>>>>>>>>>>>>>>>>>>>>>>>>>>>>>>>>>>>>>>>>>>>>>>>>>>>>>>>>>>>>>>>>>>>>>>>>>>>>>>>>>>>>>>>>>>>>>
2025-01-20 20:12:34,566 - INFO - START ThriveAI =============================================
2025-01-20 20:12:34,566 - INFO - START ThriveAI Start Time = 2025-01-20 20:12:34
2025-01-20 20:12:34,566 - INFO - ThriveAI Step 0 - Initialize the configuration file parser
2025-01-20 20:12:34,567 - INFO - Process ThriveAI Step 0 - Initializing and starting Logging Process.
2025-01-20 20:12:34,611 - INFO - PERFORMANCE ThriveAI The total process duration was:0.05
2025-01-20 20:12:34,611 - INFO - PERFORMANCE ThriveAI Stop Time = 2025-01-20 20:12:34
2025-01-20 20:12:34,611 - INFO - PERFORMANCE ThriveAI Short process duration less than 3 Seconds:0.05
2025-01-20 20:12:34,611 - INFO - PERFORMANCE ThriveAI Performance optimization is not reccomended
2025-01-20 20:12:34,611 - INFO - END ThriveAI =============================================

<<<<<<<<<<<<<<<<<<<<<<<<<<<<<<<<<<<<<<<<<<<<<<<<<<<<<<<<<<<<<<<<<<<<<<<<<<<<<<<<<<<<<<<<<<<<<<<<<<<<<<<<<<<<<<<<<<<<<<<<
                                                                                                                        
                                                                                                                        
>>>>>>>>>>>>>>>>>>>>>>>>>>>>>>>>>>>>>>>>>>>>>>>>>>>>>>>>>>>>>>>>>>>>>>>>>>>>>>>>>>>>>>>>>>>>>>>>>>>>>>>>>>>>>>>>>>>>>>>>
2025-01-21 11:02:14,235 - INFO - START ThriveAI =============================================
2025-01-21 11:02:14,235 - INFO - START ThriveAI Start Time = 2025-01-21 11:02:14
2025-01-21 11:02:14,235 - INFO - ThriveAI Step 0 - Initialize the configuration file parser
2025-01-21 11:02:14,235 - INFO - Process ThriveAI Step 0 - Initializing and starting Logging Process.
2025-01-21 11:02:14,310 - INFO - PERFORMANCE ThriveAI The total process duration was:0.08
2025-01-21 11:02:14,310 - INFO - PERFORMANCE ThriveAI Stop Time = 2025-01-21 11:02:14
2025-01-21 11:02:14,311 - INFO - PERFORMANCE ThriveAI Short process duration less than 3 Seconds:0.08
2025-01-21 11:02:14,311 - INFO - PERFORMANCE ThriveAI Performance optimization is not reccomended
2025-01-21 11:02:14,311 - INFO - END ThriveAI =============================================

<<<<<<<<<<<<<<<<<<<<<<<<<<<<<<<<<<<<<<<<<<<<<<<<<<<<<<<<<<<<<<<<<<<<<<<<<<<<<<<<<<<<<<<<<<<<<<<<<<<<<<<<<<<<<<<<<<<<<<<<
                                                                                                                        
                                                                                                                        
>>>>>>>>>>>>>>>>>>>>>>>>>>>>>>>>>>>>>>>>>>>>>>>>>>>>>>>>>>>>>>>>>>>>>>>>>>>>>>>>>>>>>>>>>>>>>>>>>>>>>>>>>>>>>>>>>>>>>>>>
2025-01-31 22:30:28,985 - INFO - START ThriveAI =============================================
2025-01-31 22:30:28,985 - INFO - START ThriveAI Start Time = 2025-01-31 22:30:28
2025-01-31 22:30:28,985 - INFO - ThriveAI Step 0 - Initialize the configuration file parser
2025-01-31 22:30:28,986 - INFO - Process ThriveAI Step 0 - Initializing and starting Logging Process.
2025-01-31 22:30:29,050 - INFO - PERFORMANCE ThriveAI The total process duration was:0.07
2025-01-31 22:30:29,050 - INFO - PERFORMANCE ThriveAI Stop Time = 2025-01-31 22:30:29
2025-01-31 22:30:29,050 - INFO - PERFORMANCE ThriveAI Short process duration less than 3 Seconds:0.07
2025-01-31 22:30:29,051 - INFO - PERFORMANCE ThriveAI Performance optimization is not reccomended
2025-01-31 22:30:29,051 - INFO - END ThriveAI =============================================

<<<<<<<<<<<<<<<<<<<<<<<<<<<<<<<<<<<<<<<<<<<<<<<<<<<<<<<<<<<<<<<<<<<<<<<<<<<<<<<<<<<<<<<<<<<<<<<<<<<<<<<<<<<<<<<<<<<<<<<<
                                                                                                                        
                                                                                                                        
>>>>>>>>>>>>>>>>>>>>>>>>>>>>>>>>>>>>>>>>>>>>>>>>>>>>>>>>>>>>>>>>>>>>>>>>>>>>>>>>>>>>>>>>>>>>>>>>>>>>>>>>>>>>>>>>>>>>>>>>
2025-01-31 22:46:54,196 - INFO - START ThriveAI =============================================
2025-01-31 22:46:54,196 - INFO - START ThriveAI Start Time = 2025-01-31 22:46:54
2025-01-31 22:46:54,197 - INFO - ThriveAI Step 0 - Initialize the configuration file parser
2025-01-31 22:46:54,197 - INFO - Process ThriveAI Step 0 - Initializing and starting Logging Process.
2025-01-31 22:46:54,253 - INFO - PERFORMANCE ThriveAI The total process duration was:0.06
2025-01-31 22:46:54,253 - INFO - PERFORMANCE ThriveAI Stop Time = 2025-01-31 22:46:54
2025-01-31 22:46:54,253 - INFO - PERFORMANCE ThriveAI Short process duration less than 3 Seconds:0.06
2025-01-31 22:46:54,253 - INFO - PERFORMANCE ThriveAI Performance optimization is not reccomended
2025-01-31 22:46:54,253 - INFO - END ThriveAI =============================================

<<<<<<<<<<<<<<<<<<<<<<<<<<<<<<<<<<<<<<<<<<<<<<<<<<<<<<<<<<<<<<<<<<<<<<<<<<<<<<<<<<<<<<<<<<<<<<<<<<<<<<<<<<<<<<<<<<<<<<<<
                                                                                                                        
                                                                                                                        
>>>>>>>>>>>>>>>>>>>>>>>>>>>>>>>>>>>>>>>>>>>>>>>>>>>>>>>>>>>>>>>>>>>>>>>>>>>>>>>>>>>>>>>>>>>>>>>>>>>>>>>>>>>>>>>>>>>>>>>>
2025-01-31 22:49:18,223 - INFO - START ThriveAI =============================================
2025-01-31 22:49:18,223 - INFO - START ThriveAI Start Time = 2025-01-31 22:49:18
2025-01-31 22:49:18,223 - INFO - ThriveAI Step 0 - Initialize the configuration file parser
2025-01-31 22:49:18,223 - INFO - Process ThriveAI Step 0 - Initializing and starting Logging Process.
2025-01-31 22:49:18,274 - INFO - PERFORMANCE ThriveAI The total process duration was:0.05
2025-01-31 22:49:18,275 - INFO - PERFORMANCE ThriveAI Stop Time = 2025-01-31 22:49:18
2025-01-31 22:49:18,275 - INFO - PERFORMANCE ThriveAI Short process duration less than 3 Seconds:0.05
2025-01-31 22:49:18,275 - INFO - PERFORMANCE ThriveAI Performance optimization is not reccomended
2025-01-31 22:49:18,275 - INFO - END ThriveAI =============================================

<<<<<<<<<<<<<<<<<<<<<<<<<<<<<<<<<<<<<<<<<<<<<<<<<<<<<<<<<<<<<<<<<<<<<<<<<<<<<<<<<<<<<<<<<<<<<<<<<<<<<<<<<<<<<<<<<<<<<<<<
                                                                                                                        
                                                                                                                        
>>>>>>>>>>>>>>>>>>>>>>>>>>>>>>>>>>>>>>>>>>>>>>>>>>>>>>>>>>>>>>>>>>>>>>>>>>>>>>>>>>>>>>>>>>>>>>>>>>>>>>>>>>>>>>>>>>>>>>>>
2025-01-31 22:57:43,943 - INFO - START ThriveAI =============================================
2025-01-31 22:57:43,943 - INFO - START ThriveAI Start Time = 2025-01-31 22:57:43
2025-01-31 22:57:43,945 - INFO - ThriveAI Step 0 - Initialize the configuration file parser
2025-01-31 22:57:43,945 - INFO - Process ThriveAI Step 0 - Initializing and starting Logging Process.
2025-01-31 22:57:43,995 - INFO - PERFORMANCE ThriveAI The total process duration was:0.05
2025-01-31 22:57:43,995 - INFO - PERFORMANCE ThriveAI Stop Time = 2025-01-31 22:57:43
2025-01-31 22:57:43,995 - INFO - PERFORMANCE ThriveAI Short process duration less than 3 Seconds:0.05
2025-01-31 22:57:43,995 - INFO - PERFORMANCE ThriveAI Performance optimization is not reccomended
2025-01-31 22:57:43,995 - INFO - END ThriveAI =============================================

<<<<<<<<<<<<<<<<<<<<<<<<<<<<<<<<<<<<<<<<<<<<<<<<<<<<<<<<<<<<<<<<<<<<<<<<<<<<<<<<<<<<<<<<<<<<<<<<<<<<<<<<<<<<<<<<<<<<<<<<
                                                                                                                        
                                                                                                                        
>>>>>>>>>>>>>>>>>>>>>>>>>>>>>>>>>>>>>>>>>>>>>>>>>>>>>>>>>>>>>>>>>>>>>>>>>>>>>>>>>>>>>>>>>>>>>>>>>>>>>>>>>>>>>>>>>>>>>>>>
2025-02-01 20:54:37,225 - INFO - START ThriveAI =============================================
2025-02-01 20:54:37,225 - INFO - START ThriveAI Start Time = 2025-02-01 20:54:37
2025-02-01 20:54:37,225 - INFO - ThriveAI Step 0 - Initialize the configuration file parser
2025-02-01 20:54:37,226 - INFO - Process ThriveAI Step 0 - Initializing and starting Logging Process.
2025-02-01 20:54:37,292 - INFO - PERFORMANCE ThriveAI The total process duration was:0.07
2025-02-01 20:54:37,292 - INFO - PERFORMANCE ThriveAI Stop Time = 2025-02-01 20:54:37
2025-02-01 20:54:37,292 - INFO - PERFORMANCE ThriveAI Short process duration less than 3 Seconds:0.07
2025-02-01 20:54:37,292 - INFO - PERFORMANCE ThriveAI Performance optimization is not reccomended
2025-02-01 20:54:37,292 - INFO - END ThriveAI =============================================

<<<<<<<<<<<<<<<<<<<<<<<<<<<<<<<<<<<<<<<<<<<<<<<<<<<<<<<<<<<<<<<<<<<<<<<<<<<<<<<<<<<<<<<<<<<<<<<<<<<<<<<<<<<<<<<<<<<<<<<<
                                                                                                                        
                                                                                                                        
>>>>>>>>>>>>>>>>>>>>>>>>>>>>>>>>>>>>>>>>>>>>>>>>>>>>>>>>>>>>>>>>>>>>>>>>>>>>>>>>>>>>>>>>>>>>>>>>>>>>>>>>>>>>>>>>>>>>>>>>
2025-02-01 21:31:11,562 - INFO - START ThriveAI =============================================
2025-02-01 21:31:11,562 - INFO - START ThriveAI Start Time = 2025-02-01 21:31:11
2025-02-01 21:31:11,562 - INFO - ThriveAI Step 0 - Initialize the configuration file parser
2025-02-01 21:31:11,562 - INFO - Process ThriveAI Step 0 - Initializing and starting Logging Process.
2025-02-01 21:31:11,613 - INFO - PERFORMANCE ThriveAI The total process duration was:0.05
2025-02-01 21:31:11,613 - INFO - PERFORMANCE ThriveAI Stop Time = 2025-02-01 21:31:11
2025-02-01 21:31:11,613 - INFO - PERFORMANCE ThriveAI Short process duration less than 3 Seconds:0.05
2025-02-01 21:31:11,614 - INFO - PERFORMANCE ThriveAI Performance optimization is not reccomended
2025-02-01 21:31:11,614 - INFO - END ThriveAI =============================================

<<<<<<<<<<<<<<<<<<<<<<<<<<<<<<<<<<<<<<<<<<<<<<<<<<<<<<<<<<<<<<<<<<<<<<<<<<<<<<<<<<<<<<<<<<<<<<<<<<<<<<<<<<<<<<<<<<<<<<<<
                                                                                                                        
                                                                                                                        
>>>>>>>>>>>>>>>>>>>>>>>>>>>>>>>>>>>>>>>>>>>>>>>>>>>>>>>>>>>>>>>>>>>>>>>>>>>>>>>>>>>>>>>>>>>>>>>>>>>>>>>>>>>>>>>>>>>>>>>>
2025-02-13 20:52:22,515 - INFO - START ThriveAI =============================================
2025-02-13 20:52:22,515 - INFO - START ThriveAI Start Time = 2025-02-13 20:52:22
2025-02-13 20:52:22,515 - INFO - ThriveAI Step 0 - Initialize the configuration file parser
2025-02-13 20:52:22,516 - INFO - Process ThriveAI Step 0 - Initializing and starting Logging Process.
2025-02-13 20:52:22,568 - INFO - PERFORMANCE ThriveAI The total process duration was:0.05
2025-02-13 20:52:22,568 - INFO - PERFORMANCE ThriveAI Stop Time = 2025-02-13 20:52:22
2025-02-13 20:52:22,568 - INFO - PERFORMANCE ThriveAI Short process duration less than 3 Seconds:0.05
2025-02-13 20:52:22,568 - INFO - PERFORMANCE ThriveAI Performance optimization is not reccomended
2025-02-13 20:52:22,568 - INFO - END ThriveAI =============================================

<<<<<<<<<<<<<<<<<<<<<<<<<<<<<<<<<<<<<<<<<<<<<<<<<<<<<<<<<<<<<<<<<<<<<<<<<<<<<<<<<<<<<<<<<<<<<<<<<<<<<<<<<<<<<<<<<<<<<<<<
                                                                                                                        
